
WEC-Sim Input From Standard wecSimInputFile.m Of Case Directory... 
WEC-Sim: An open-source code for simulating wave energy converters
Version: 4.3

Initializing the Simulation Class...
	Case Dir: C:\Users\mkell\Documents\GitHub\Harvesting-Wave-Energy-Capstone-Project\ICOE_2021 
Elapsed time is 1.179518 seconds.

WEC-Sim Pre-processing ...   
Elapsed time is 0.212633 seconds.

WEC-Sim Simulation Settings:
	Start Time                     (sec) = 0
	End Time                       (sec) = 200
	Time Step Size                 (sec) = 0.00125
	Ramp Function Time             (sec) = 50
	Approximate Number of Time Steps     = 160000 

Wave Environment: 
	Wave Type                            = Regular Waves (Constant Hydrodynamic Coefficients)
	Wave Height, H (m)                   = 1
	Wave Period, T (sec)                 = 6

List of Body: Number of Bodies = 1 

	***** Body Number 1, Name: mesh1 *****
	Body CG                          (m) = [0,0,-4]
	Body Mass                       (kg) = 244 
	Body Diagonal MOI              (kgm2)= [0,63.228,0]

List of PTO(s): Number of PTOs = 1 

	***** PTO Name: PTO1 *****
	PTO Stiffness           (N/m;Nm/rad) = 0
	PTO Damping           (Ns/m;Nsm/rad) = 0

List of Constraint(s): No Constraint in the system


Simulating the WEC device defined in the SimMechanics model C:\Users\mkell\Documents\GitHub\Harvesting-Wave-Energy-Capstone-Project\ICOE_2021\ADAPT_SDCAL_YesAccum_2Cyl_DA_11_30_2021.slx...   
Elapsed time is 0.708164 seconds.
Elapsed time is 16.079567 seconds.

Post-processing and saving...   
{Error using <a href="matlab:matlab.internal.language.introspective.errorDocCallback('wecSim', 'C:\Users\mkell\Documents\GitHub\WEC-Sim\source\wecSim.m', 45)" style="font-weight:bold">wecSim</a> (<a href="matlab: opentoline('C:\Users\mkell\Documents\GitHub\WEC-Sim\source\wecSim.m',45,0)">line 45</a>)
Error due to multiple causes.
Caused by:
    Error using <a href="matlab:matlab.internal.language.introspective.errorDocCallback('wecSim', 'C:\Users\mkell\Documents\GitHub\WEC-Sim\source\wecSim.m', 45)" style="font-weight:bold">wecSim</a> (<a href="matlab: opentoline('C:\Users\mkell\Documents\GitHub\WEC-Sim\source\wecSim.m',45,0)">line 45</a>)
    ['ADAPT_SDCAL_YesAccum_2Cyl_DA_11_30_2021/PTO-Sim - Crankshaft DA 4 Cylinders - 1 RO membrane/Solver Configuration']: At time 0.038750, one or more assertions are
    triggered. See causes for specific information.
        Error using <a href="matlab:matlab.internal.language.introspective.errorDocCallback('wecSim', 'C:\Users\mkell\Documents\GitHub\WEC-Sim\source\wecSim.m', 45)" style="font-weight:bold">wecSim</a> (<a href="matlab: opentoline('C:\Users\mkell\Documents\GitHub\WEC-Sim\source\wecSim.m',45,0)">line 45</a>)
        Liquid pressure fell below absolute zero The assertion comes from:
        Block path: <a href="matlab:open_and_hilite_system('ADAPT_SDCAL_YesAccum_2Cyl_DA_11_30_2021/PTO-Sim - Crankshaft DA 4 Cylinders - 1 RO membrane/Gas-Charged Accumulator')">ADAPT_SDCAL_YesAccum_2Cyl_DA_11_30_2021/PTO-Sim - Crankshaft DA 4 Cylinders - 1 RO membrane/Gas-Charged Accumulator</a>
        Assert location:
            o (location information is protected)
    Error using <a href="matlab:matlab.internal.language.introspective.errorDocCallback('wecSim', 'C:\Users\mkell\Documents\GitHub\WEC-Sim\source\wecSim.m', 45)" style="font-weight:bold">wecSim</a> (<a href="matlab: opentoline('C:\Users\mkell\Documents\GitHub\WEC-Sim\source\wecSim.m',45,0)">line 45</a>)
    Error evaluating <a href="matlab:Simulink.internal.OpenCallbackParamsDialog(['ADAPT_SDCAL_YesAccum_2Cyl_DA_11_30_2021/Global Reference Frame'],'StopFcn');">'StopFcn'</a> callback of Frames block (mask) '<a href="matlab:open_and_hilite_hyperlink ('ADAPT_SDCAL_YesAccum_2Cyl_DA_11_30_2021/Global Reference Frame','error')">ADAPT_SDCAL_YesAccum_2Cyl_DA_11_30_2021/Global Reference Frame</a>'.
    Callback string is 'run('wecSimStopFunction')'
        Error using <a href="matlab:matlab.internal.language.introspective.errorDocCallback('wecSim', 'C:\Users\mkell\Documents\GitHub\WEC-Sim\source\wecSim.m', 45)" style="font-weight:bold">wecSim</a> (<a href="matlab: opentoline('C:\Users\mkell\Documents\GitHub\WEC-Sim\source\wecSim.m',45,0)">line 45</a>)
        Index in position 1 exceeds array bounds (must not exceed 32).
} 
